{"meta": {"format": 3, "version": "7.14.1", "timestamp": "2026-06-09T00:19:48.182738", "branch_coverage": false, "show_contexts": false}, "files": {"kanka_slurp/__init__.py": {"executed_lines": [], "summary": {"covered_lines": 0, "num_statements": 0, "percent_covered": 100.0, "percent_covered_display": "100", "missing_lines": 0, "excluded_lines": 0, "percent_statements_covered": 100.0, "percent_statements_covered_display": "100"}, "missing_lines": [], "excluded_lines": [], "functions": {"": {"executed_lines": [], "summary": {"covered_lines": 0, "num_statements": 0, "percent_covered": 100.0, "percent_covered_display": "100", "missing_lines": 0, "excluded_lines": 0, "percent_statements_covered": 100.0, "percent_statements_covered_display": "100"}, "missing_lines": [], "excluded_lines": [], "start_line": 1}}, "classes": {"": {"executed_lines": [], "summary": {"covered_lines": 0, "num_statements": 0, "percent_covered": 100.0, "percent_covered_display": "100", "missing_lines": 0, "excluded_lines": 0, "percent_statements_covered": 100.0, "percent_statements_covered_display": "100"}, "missing_lines": [], "excluded_lines": [], "start_line": 1}}}, "kanka_slurp/api.py": {"executed_lines": [3, 4, 5, 6, 7, 8, 10, 11, 12, 14, 31, 32, 33, 36, 39, 60, 63, 65, 67, 70, 71, 72, 73, 74, 77, 78, 84, 85, 88, 91, 92, 95, 97, 103, 109, 115, 117, 119, 120, 127, 134, 135, 136, 137, 138, 140, 150, 151, 157, 159, 160, 161, 162, 163, 164, 166, 212, 222, 223, 224, 225, 227, 229, 230, 231, 232, 235, 236, 239, 242, 245, 246, 247, 248, 249, 250, 251, 252, 253, 256, 257, 261, 267, 281, 290, 292, 293, 294, 296, 305, 307, 308, 310, 322, 326, 327, 329, 330, 334, 339, 340, 346, 347, 351, 352, 356, 357, 359, 371, 374, 375, 376, 377, 379, 380, 383, 384, 385, 386, 389, 390, 391, 392, 393, 399, 400, 406, 407, 409, 410, 414, 415, 417, 418, 419, 420, 421, 422, 427, 428, 429, 430, 436, 437, 439, 446, 448, 449, 450, 451, 452, 453, 454, 455, 456, 458, 459, 465, 474, 475, 476, 477, 478, 483, 495, 498, 500, 501, 502, 503, 504, 505, 506, 507, 508, 511, 514, 516, 526, 529, 537, 539, 557, 558, 559, 562, 565, 568, 571, 574, 575, 576, 577, 578, 580, 581, 583, 589, 602, 603, 604, 623, 630, 632, 634, 635, 638, 639, 640, 642, 645, 650, 654, 656, 657, 658, 659, 660, 661, 662, 666, 673, 675, 680, 681, 682, 685, 688, 689, 696, 707, 710, 711, 714, 721, 730, 758], "summary": {"covered_lines": 237, "num_statements": 386, "percent_covered": 61.398963730569946, "percent_covered_display": "61", "missing_lines": 149, "excluded_lines": 0, "percent_statements_covered": 61.398963730569946, "percent_statements_covered_display": "61"}, "missing_lines": [64, 66, 68, 110, 111, 112, 113, 114, 124, 125, 182, 184, 185, 186, 188, 189, 190, 192, 193, 194, 195, 196, 198, 199, 201, 202, 203, 204, 205, 206, 237, 240, 259, 274, 275, 279, 291, 306, 323, 331, 341, 342, 343, 348, 349, 350, 372, 394, 395, 396, 397, 401, 402, 403, 411, 412, 423, 424, 425, 432, 433, 434, 479, 480, 481, 509, 517, 518, 519, 520, 521, 522, 523, 524, 530, 531, 532, 533, 534, 535, 607, 608, 609, 610, 611, 612, 613, 614, 615, 616, 617, 618, 619, 621, 643, 646, 647, 651, 652, 663, 664, 665, 668, 669, 670, 676, 677, 690, 691, 692, 693, 723, 724, 732, 733, 735, 736, 739, 740, 741, 743, 744, 745, 746, 747, 748, 749, 751, 752, 764, 766, 767, 768, 771, 774, 775, 777, 779, 780, 781, 783, 786, 787, 788, 789, 790, 793, 794, 795], "excluded_lines": [], "functions": {"KankaSlurp.__init__": {"executed_lines": [60, 63, 65, 67, 70, 71, 72, 73, 74, 77, 78, 84, 85, 88, 91, 92, 95, 97], "summary": {"covered_lines": 18, "num_statements": 21, "percent_covered": 85.71428571428571, "percent_covered_display": "86", "missing_lines": 3, "excluded_lines": 0, "percent_statements_covered": 85.71428571428571, "percent_statements_covered_display": "86"}, "missing_lines": [64, 66, 68], "excluded_lines": [], "start_line": 39}, "KankaSlurp._load_checkpoint": {"executed_lines": [109, 115], "summary": {"covered_lines": 2, "num_statements": 7, "percent_covered": 28.571428571428573, "percent_covered_display": "29", "missing_lines": 5, "excluded_lines": 0, "percent_statements_covered": 28.571428571428573, "percent_statements_covered_display": "29"}, "missing_lines": [110, 111, 112, 113, 114], "excluded_lines": [], "start_line": 103}, "KankaSlurp._save_checkpoint": {"executed_lines": [119, 120], "summary": {"covered_lines": 2, "num_statements": 4, "percent_covered": 50.0, "percent_covered_display": "50", "missing_lines": 2, "excluded_lines": 0, "percent_statements_covered": 50.0, "percent_statements_covered_display": "50"}, "missing_lines": [124, 125], "excluded_lines": [], "start_line": 117}, "KankaSlurp._mark_processed": {"executed_lines": [134, 135, 136, 137, 138], "summary": {"covered_lines": 5, "num_statements": 5, "percent_covered": 100.0, "percent_covered_display": "100", "missing_lines": 0, "excluded_lines": 0, "percent_statements_covered": 100.0, "percent_statements_covered_display": "100"}, "missing_lines": [], "excluded_lines": [], "start_line": 127}, "KankaSlurp._is_processed": {"executed_lines": [150, 151], "summary": {"covered_lines": 2, "num_statements": 2, "percent_covered": 100.0, "percent_covered_display": "100", "missing_lines": 0, "excluded_lines": 0, "percent_statements_covered": 100.0, "percent_statements_covered_display": "100"}, "missing_lines": [], "excluded_lines": [], "start_line": 140}, "KankaSlurp._throttle": {"executed_lines": [159, 160, 161, 162, 163, 164], "summary": {"covered_lines": 6, "num_statements": 6, "percent_covered": 100.0, "percent_covered_display": "100", "missing_lines": 0, "excluded_lines": 0, "percent_statements_covered": 100.0, "percent_statements_covered_display": "100"}, "missing_lines": [], "excluded_lines": [], "start_line": 157}, "KankaSlurp._get": {"executed_lines": [], "summary": {"covered_lines": 0, "num_statements": 20, "percent_covered": 0.0, "percent_covered_display": "0", "missing_lines": 20, "excluded_lines": 0, "percent_statements_covered": 0.0, "percent_statements_covered_display": "0"}, "missing_lines": [182, 184, 185, 186, 188, 189, 190, 192, 193, 194, 195, 196, 198, 199, 201, 202, 203, 204, 205, 206], "excluded_lines": [], "start_line": 166}, "KankaSlurp.fetch_paginated": {"executed_lines": [222, 223, 224, 225, 227, 229, 230, 231, 232, 235, 236, 239, 242, 245, 246, 247, 248, 249, 250, 251, 252, 253, 256, 257, 261], "summary": {"covered_lines": 25, "num_statements": 28, "percent_covered": 89.28571428571429, "percent_covered_display": "89", "missing_lines": 3, "excluded_lines": 0, "percent_statements_covered": 89.28571428571429, "percent_statements_covered_display": "89"}, "missing_lines": [237, 240, 259], "excluded_lines": [], "start_line": 212}, "KankaSlurp.save_json": {"executed_lines": [], "summary": {"covered_lines": 0, "num_statements": 3, "percent_covered": 0.0, "percent_covered_display": "0", "missing_lines": 3, "excluded_lines": 0, "percent_statements_covered": 0.0, "percent_statements_covered_display": "0"}, "missing_lines": [274, 275, 279], "excluded_lines": [], "start_line": 267}, "KankaSlurp._extract_filename_from_url": {"executed_lines": [290, 292, 293, 294], "summary": {"covered_lines": 4, "num_statements": 5, "percent_covered": 80.0, "percent_covered_display": "80", "missing_lines": 1, "excluded_lines": 0, "percent_statements_covered": 80.0, "percent_statements_covered_display": "80"}, "missing_lines": [291], "excluded_lines": [], "start_line": 281}, "KankaSlurp._extract_id_from_url": {"executed_lines": [305, 307, 308], "summary": {"covered_lines": 3, "num_statements": 4, "percent_covered": 75.0, "percent_covered_display": "75", "missing_lines": 1, "excluded_lines": 0, "percent_statements_covered": 75.0, "percent_statements_covered_display": "75"}, "missing_lines": [306], "excluded_lines": [], "start_line": 296}, "KankaSlurp._find_local_for_url": {"executed_lines": [322, 326, 327, 329, 330, 334, 339, 340, 346, 347, 351, 352, 356, 357], "summary": {"covered_lines": 14, "num_statements": 22, "percent_covered": 63.63636363636363, "percent_covered_display": "64", "missing_lines": 8, "excluded_lines": 0, "percent_statements_covered": 63.63636363636363, "percent_statements_covered_display": "64"}, "missing_lines": [323, 331, 341, 342, 343, 348, 349, 350], "excluded_lines": [], "start_line": 310}, "KankaSlurp.download_image": {"executed_lines": [371, 374, 375, 376, 377, 379, 380, 383, 384, 385, 386, 389, 390, 391, 392, 393, 399, 400, 406, 407, 409, 410, 414, 415, 417, 418, 419, 420, 421, 422, 427, 428, 429, 430, 436, 437], "summary": {"covered_lines": 36, "num_statements": 52, "percent_covered": 69.23076923076923, "percent_covered_display": "69", "missing_lines": 16, "excluded_lines": 0, "percent_statements_covered": 69.23076923076923, "percent_statements_covered_display": "69"}, "missing_lines": [372, 394, 395, 396, 397, 401, 402, 403, 411, 412, 423, 424, 425, 432, 433, 434], "excluded_lines": [], "start_line": 359}, "KankaSlurp.extract_and_download_files": {"executed_lines": [446, 448, 449, 450, 451, 452, 453, 454, 455, 456, 458, 459], "summary": {"covered_lines": 12, "num_statements": 12, "percent_covered": 100.0, "percent_covered_display": "100", "missing_lines": 0, "excluded_lines": 0, "percent_statements_covered": 100.0, "percent_statements_covered_display": "100"}, "missing_lines": [], "excluded_lines": [], "start_line": 439}, "KankaSlurp.convert_html_to_markdown": {"executed_lines": [474, 475, 476, 477, 478], "summary": {"covered_lines": 5, "num_statements": 8, "percent_covered": 62.5, "percent_covered_display": "62", "missing_lines": 3, "excluded_lines": 0, "percent_statements_covered": 62.5, "percent_statements_covered_display": "62"}, "missing_lines": [479, 480, 481], "excluded_lines": [], "start_line": 465}, "KankaSlurp._rewrite_image_links": {"executed_lines": [495, 498, 500, 511, 514, 516, 526, 529, 537], "summary": {"covered_lines": 9, "num_statements": 15, "percent_covered": 60.0, "percent_covered_display": "60", "missing_lines": 6, "excluded_lines": 0, "percent_statements_covered": 60.0, "percent_statements_covered_display": "60"}, "missing_lines": [530, 531, 532, 533, 534, 535], "excluded_lines": [], "start_line": 483}, "KankaSlurp._rewrite_image_links.md_img_sub": {"executed_lines": [501, 502, 503, 504, 505, 506, 507, 508], "summary": {"covered_lines": 8, "num_statements": 9, "percent_covered": 88.88888888888889, "percent_covered_display": "89", "missing_lines": 1, "excluded_lines": 0, "percent_statements_covered": 88.88888888888889, "percent_statements_covered_display": "89"}, "missing_lines": [509], "excluded_lines": [], "start_line": 500}, "KankaSlurp._rewrite_image_links.link_sub": {"executed_lines": [], "summary": {"covered_lines": 0, "num_statements": 8, "percent_covered": 0.0, "percent_covered_display": "0", "missing_lines": 8, "excluded_lines": 0, "percent_statements_covered": 0.0, "percent_statements_covered_display": "0"}, "missing_lines": [517, 518, 519, 520, 521, 522, 523, 524], "excluded_lines": [], "start_line": 516}, "KankaSlurp._save_item_markdown": {"executed_lines": [557, 558, 559, 562, 565, 568, 571, 574, 575, 576, 577, 578, 580, 581, 583], "summary": {"covered_lines": 15, "num_statements": 15, "percent_covered": 100.0, "percent_covered_display": "100", "missing_lines": 0, "excluded_lines": 0, "percent_statements_covered": 100.0, "percent_statements_covered_display": "100"}, "missing_lines": [], "excluded_lines": [], "start_line": 539}, "KankaSlurp._determine_entity_type": {"executed_lines": [602, 603, 604], "summary": {"covered_lines": 3, "num_statements": 17, "percent_covered": 17.647058823529413, "percent_covered_display": "18", "missing_lines": 14, "excluded_lines": 0, "percent_statements_covered": 17.647058823529413, "percent_statements_covered_display": "18"}, "missing_lines": [607, 608, 609, 610, 611, 612, 613, 614, 615, 616, 617, 618, 619, 621], "excluded_lines": [], "start_line": 589}, "KankaSlurp.fetch_items_details": {"executed_lines": [630, 632, 634, 635, 638, 639, 640, 642, 645, 650, 654, 656, 657, 658, 659, 660, 661, 662, 666, 673, 675, 680, 681, 682, 685, 688, 689, 696, 707, 710, 711, 714, 721], "summary": {"covered_lines": 33, "num_statements": 52, "percent_covered": 63.46153846153846, "percent_covered_display": "63", "missing_lines": 19, "excluded_lines": 0, "percent_statements_covered": 63.46153846153846, "percent_statements_covered_display": "63"}, "missing_lines": [643, 646, 647, 651, 652, 663, 664, 665, 668, 669, 670, 676, 677, 690, 691, 692, 693, 723, 724], "excluded_lines": [], "start_line": 623}, "KankaSlurp._generate_index": {"executed_lines": [], "summary": {"covered_lines": 0, "num_statements": 16, "percent_covered": 0.0, "percent_covered_display": "0", "missing_lines": 16, "excluded_lines": 0, "percent_statements_covered": 0.0, "percent_statements_covered_display": "0"}, "missing_lines": [732, 733, 735, 736, 739, 740, 741, 743, 744, 745, 746, 747, 748, 749, 751, 752], "excluded_lines": [], "start_line": 730}, "KankaSlurp.slurp": {"executed_lines": [], "summary": {"covered_lines": 0, "num_statements": 20, "percent_covered": 0.0, "percent_covered_display": "0", "missing_lines": 20, "excluded_lines": 0, "percent_statements_covered": 0.0, "percent_statements_covered_display": "0"}, "missing_lines": [764, 766, 767, 768, 771, 774, 775, 777, 779, 780, 781, 783, 786, 787, 788, 789, 790, 793, 794, 795], "excluded_lines": [], "start_line": 758}, "": {"executed_lines": [3, 4, 5, 6, 7, 8, 10, 11, 12, 14, 31, 32, 33, 36, 39, 103, 117, 127, 140, 157, 166, 212, 267, 281, 296, 310, 359, 439, 465, 483, 539, 589, 623, 730, 758], "summary": {"covered_lines": 35, "num_statements": 35, "percent_covered": 100.0, "percent_covered_display": "100", "missing_lines": 0, "excluded_lines": 0, "percent_statements_covered": 100.0, "percent_statements_covered_display": "100"}, "missing_lines": [], "excluded_lines": [], "start_line": 1}}, "classes": {"KankaSlurp": {"executed_lines": [60, 63, 65, 67, 70, 71, 72, 73, 74, 77, 78, 84, 85, 88, 91, 92, 95, 97, 109, 115, 119, 120, 134, 135, 136, 137, 138, 150, 151, 159, 160, 161, 162, 163, 164, 222, 223, 224, 225, 227, 229, 230, 231, 232, 235, 236, 239, 242, 245, 246, 247, 248, 249, 250, 251, 252, 253, 256, 257, 261, 290, 292, 293, 294, 305, 307, 308, 322, 326, 327, 329, 330, 334, 339, 340, 346, 347, 351, 352, 356, 357, 371, 374, 375, 376, 377, 379, 380, 383, 384, 385, 386, 389, 390, 391, 392, 393, 399, 400, 406, 407, 409, 410, 414, 415, 417, 418, 419, 420, 421, 422, 427, 428, 429, 430, 436, 437, 446, 448, 449, 450, 451, 452, 453, 454, 455, 456, 458, 459, 474, 475, 476, 477, 478, 495, 498, 500, 501, 502, 503, 504, 505, 506, 507, 508, 511, 514, 516, 526, 529, 537, 557, 558, 559, 562, 565, 568, 571, 574, 575, 576, 577, 578, 580, 581, 583, 602, 603, 604, 630, 632, 634, 635, 638, 639, 640, 642, 645, 650, 654, 656, 657, 658, 659, 660, 661, 662, 666, 673, 675, 680, 681, 682, 685, 688, 689, 696, 707, 710, 711, 714, 721], "summary": {"covered_lines": 202, "num_statements": 351, "percent_covered": 57.54985754985755, "percent_covered_display": "58", "missing_lines": 149, "excluded_lines": 0, "percent_statements_covered": 57.54985754985755, "percent_statements_covered_display": "58"}, "missing_lines": [64, 66, 68, 110, 111, 112, 113, 114, 124, 125, 182, 184, 185, 186, 188, 189, 190, 192, 193, 194, 195, 196, 198, 199, 201, 202, 203, 204, 205, 206, 237, 240, 259, 274, 275, 279, 291, 306, 323, 331, 341, 342, 343, 348, 349, 350, 372, 394, 395, 396, 397, 401, 402, 403, 411, 412, 423, 424, 425, 432, 433, 434, 479, 480, 481, 509, 517, 518, 519, 520, 521, 522, 523, 524, 530, 531, 532, 533, 534, 535, 607, 608, 609, 610, 611, 612, 613, 614, 615, 616, 617, 618, 619, 621, 643, 646, 647, 651, 652, 663, 664, 665, 668, 669, 670, 676, 677, 690, 691, 692, 693, 723, 724, 732, 733, 735, 736, 739, 740, 741, 743, 744, 745, 746, 747, 748, 749, 751, 752, 764, 766, 767, 768, 771, 774, 775, 777, 779, 780, 781, 783, 786, 787, 788, 789, 790, 793, 794, 795], "excluded_lines": [], "start_line": 36}, "": {"executed_lines": [3, 4, 5, 6, 7, 8, 10, 11, 12, 14, 31, 32, 33, 36, 39, 103, 117, 127, 140, 157, 166, 212, 267, 281, 296, 310, 359, 439, 465, 483, 539, 589, 623, 730, 758], "summary": {"covered_lines": 35, "num_statements": 35, "percent_covered": 100.0, "percent_covered_display": "100", "missing_lines": 0, "excluded_lines": 0, "percent_statements_covered": 100.0, "percent_statements_covered_display": "100"}, "missing_lines": [], "excluded_lines": [], "start_line": 1}}}, "kanka_slurp/constants.py": {"executed_lines": [4, 5, 6, 7, 8, 9, 12, 13, 16, 17, 18, 19, 20, 21, 24], "summary": {"covered_lines": 15, "num_statements": 15, "percent_covered": 100.0, "percent_covered_display": "100", "missing_lines": 0, "excluded_lines": 0, "percent_statements_covered": 100.0, "percent_statements_covered_display": "100"}, "missing_lines": [], "excluded_lines": [], "functions": {"": {"executed_lines": [4, 5, 6, 7, 8, 9, 12, 13, 16, 17, 18, 19, 20, 21, 24], "summary": {"covered_lines": 15, "num_statements": 15, "percent_covered": 100.0, "percent_covered_display": "100", "missing_lines": 0, "excluded_lines": 0, "percent_statements_covered": 100.0, "percent_statements_covered_display": "100"}, "missing_lines": [], "excluded_lines": [], "start_line": 1}}, "classes": {"": {"executed_lines": [4, 5, 6, 7, 8, 9, 12, 13, 16, 17, 18, 19, 20, 21, 24], "summary": {"covered_lines": 15, "num_statements": 15, "percent_covered": 100.0, "percent_covered_display": "100", "missing_lines": 0, "excluded_lines": 0, "percent_statements_covered": 100.0, "percent_statements_covered_display": "100"}, "missing_lines": [], "excluded_lines": [], "start_line": 1}}}, "kanka_slurp/logging_config.py": {"executed_lines": [3, 4, 5, 8, 11, 13, 14, 15, 20, 29, 32, 35, 36, 39, 40, 41, 42, 44], "summary": {"covered_lines": 18, "num_statements": 20, "percent_covered": 90.0, "percent_covered_display": "90", "missing_lines": 2, "excluded_lines": 0, "percent_statements_covered": 90.0, "percent_statements_covered_display": "90"}, "missing_lines": [16, 17], "excluded_lines": [], "functions": {"TqdmLoggingHandler.emit": {"executed_lines": [13, 14, 15], "summary": {"covered_lines": 3, "num_statements": 5, "percent_covered": 60.0, "percent_covered_display": "60", "missing_lines": 2, "excluded_lines": 0, "percent_statements_covered": 60.0, "percent_statements_covered_display": "60"}, "missing_lines": [16, 17], "excluded_lines": [], "start_line": 11}, "setup_logging": {"executed_lines": [29, 32, 35, 36, 39, 40, 41, 42, 44], "summary": {"covered_lines": 9, "num_statements": 9, "percent_covered": 100.0, "percent_covered_display": "100", "missing_lines": 0, "excluded_lines": 0, "percent_statements_covered": 100.0, "percent_statements_covered_display": "100"}, "missing_lines": [], "excluded_lines": [], "start_line": 20}, "": {"executed_lines": [3, 4, 5, 8, 11, 20], "summary": {"covered_lines": 6, "num_statements": 6, "percent_covered": 100.0, "percent_covered_display": "100", "missing_lines": 0, "excluded_lines": 0, "percent_statements_covered": 100.0, "percent_statements_covered_display": "100"}, "missing_lines": [], "excluded_lines": [], "start_line": 1}}, "classes": {"TqdmLoggingHandler": {"executed_lines": [13, 14, 15], "summary": {"covered_lines": 3, "num_statements": 5, "percent_covered": 60.0, "percent_covered_display": "60", "missing_lines": 2, "excluded_lines": 0, "percent_statements_covered": 60.0, "percent_statements_covered_display": "60"}, "missing_lines": [16, 17], "excluded_lines": [], "start_line": 8}, "": {"executed_lines": [3, 4, 5, 8, 11, 20, 29, 32, 35, 36, 39, 40, 41, 42, 44], "summary": {"covered_lines": 15, "num_statements": 15, "percent_covered": 100.0, "percent_covered_display": "100", "missing_lines": 0, "excluded_lines": 0, "percent_statements_covered": 100.0, "percent_statements_covered_display": "100"}, "missing_lines": [], "excluded_lines": [], "start_line": 1}}}, "kanka_slurp/models.py": {"executed_lines": [3, 4, 5, 8, 9, 12, 13, 14, 15, 16, 17, 18, 20, 27, 28, 29], "summary": {"covered_lines": 16, "num_statements": 16, "percent_covered": 100.0, "percent_covered_display": "100", "missing_lines": 0, "excluded_lines": 0, "percent_statements_covered": 100.0, "percent_statements_covered_display": "100"}, "missing_lines": [], "excluded_lines": [], "functions": {"EntityMetadata.to_yaml_frontmatter": {"executed_lines": [27, 28, 29], "summary": {"covered_lines": 3, "num_statements": 3, "percent_covered": 100.0, "percent_covered_display": "100", "missing_lines": 0, "excluded_lines": 0, "percent_statements_covered": 100.0, "percent_statements_covered_display": "100"}, "missing_lines": [], "excluded_lines": [], "start_line": 20}, "": {"executed_lines": [3, 4, 5, 8, 9, 12, 13, 14, 15, 16, 17, 18, 20], "summary": {"covered_lines": 13, "num_statements": 13, "percent_covered": 100.0, "percent_covered_display": "100", "missing_lines": 0, "excluded_lines": 0, "percent_statements_covered": 100.0, "percent_statements_covered_display": "100"}, "missing_lines": [], "excluded_lines": [], "start_line": 1}}, "classes": {"EntityMetadata": {"executed_lines": [27, 28, 29], "summary": {"covered_lines": 3, "num_statements": 3, "percent_covered": 100.0, "percent_covered_display": "100", "missing_lines": 0, "excluded_lines": 0, "percent_statements_covered": 100.0, "percent_statements_covered_display": "100"}, "missing_lines": [], "excluded_lines": [], "start_line": 9}, "": {"executed_lines": [3, 4, 5, 8, 9, 12, 13, 14, 15, 16, 17, 18, 20], "summary": {"covered_lines": 13, "num_statements": 13, "percent_covered": 100.0, "percent_covered_display": "100", "missing_lines": 0, "excluded_lines": 0, "percent_statements_covered": 100.0, "percent_statements_covered_display": "100"}, "missing_lines": [], "excluded_lines": [], "start_line": 1}}}, "kanka_slurp/parsers.py": {"executed_lines": [3, 4, 7, 10, 20, 36, 40, 44], "summary": {"covered_lines": 8, "num_statements": 25, "percent_covered": 32.0, "percent_covered_display": "32", "missing_lines": 17, "excluded_lines": 0, "percent_statements_covered": 32.0, "percent_statements_covered_display": "32"}, "missing_lines": [16, 17, 18, 22, 23, 24, 25, 26, 27, 29, 30, 31, 33, 34, 38, 42, 50], "excluded_lines": [], "functions": {"ImageLinkRewriter.__init__": {"executed_lines": [], "summary": {"covered_lines": 0, "num_statements": 3, "percent_covered": 0.0, "percent_covered_display": "0", "missing_lines": 3, "excluded_lines": 0, "percent_statements_covered": 0.0, "percent_statements_covered_display": "0"}, "missing_lines": [16, 17, 18], "excluded_lines": [], "start_line": 10}, "ImageLinkRewriter.handle_starttag": {"executed_lines": [], "summary": {"covered_lines": 0, "num_statements": 11, "percent_covered": 0.0, "percent_covered_display": "0", "missing_lines": 11, "excluded_lines": 0, "percent_statements_covered": 0.0, "percent_statements_covered_display": "0"}, "missing_lines": [22, 23, 24, 25, 26, 27, 29, 30, 31, 33, 34], "excluded_lines": [], "start_line": 20}, "ImageLinkRewriter.handle_endtag": {"executed_lines": [], "summary": {"covered_lines": 0, "num_statements": 1, "percent_covered": 0.0, "percent_covered_display": "0", "missing_lines": 1, "excluded_lines": 0, "percent_statements_covered": 0.0, "percent_statements_covered_display": "0"}, "missing_lines": [38], "excluded_lines": [], "start_line": 36}, "ImageLinkRewriter.handle_data": {"executed_lines": [], "summary": {"covered_lines": 0, "num_statements": 1, "percent_covered": 0.0, "percent_covered_display": "0", "missing_lines": 1, "excluded_lines": 0, "percent_statements_covered": 0.0, "percent_statements_covered_display": "0"}, "missing_lines": [42], "excluded_lines": [], "start_line": 40}, "ImageLinkRewriter.get_result": {"executed_lines": [], "summary": {"covered_lines": 0, "num_statements": 1, "percent_covered": 0.0, "percent_covered_display": "0", "missing_lines": 1, "excluded_lines": 0, "percent_statements_covered": 0.0, "percent_statements_covered_display": "0"}, "missing_lines": [50], "excluded_lines": [], "start_line": 44}, "": {"executed_lines": [3, 4, 7, 10, 20, 36, 40, 44], "summary": {"covered_lines": 8, "num_statements": 8, "percent_covered": 100.0, "percent_covered_display": "100", "missing_lines": 0, "excluded_lines": 0, "percent_statements_covered": 100.0, "percent_statements_covered_display": "100"}, "missing_lines": [], "excluded_lines": [], "start_line": 1}}, "classes": {"ImageLinkRewriter": {"executed_lines": [], "summary": {"covered_lines": 0, "num_statements": 17, "percent_covered": 0.0, "percent_covered_display": "0", "missing_lines": 17, "excluded_lines": 0, "percent_statements_covered": 0.0, "percent_statements_covered_display": "0"}, "missing_lines": [16, 17, 18, 22, 23, 24, 25, 26, 27, 29, 30, 31, 33, 34, 38, 42, 50], "excluded_lines": [], "start_line": 7}, "": {"executed_lines": [3, 4, 7, 10, 20, 36, 40, 44], "summary": {"covered_lines": 8, "num_statements": 8, "percent_covered": 100.0, "percent_covered_display": "100", "missing_lines": 0, "excluded_lines": 0, "percent_statements_covered": 100.0, "percent_statements_covered_display": "100"}, "missing_lines": [], "excluded_lines": [], "start_line": 1}}}, "tests/conftest.py": {"executed_lines": [1, 3, 4, 6, 8, 9, 10, 12, 15, 16, 17], "summary": {"covered_lines": 11, "num_statements": 11, "percent_covered": 100.0, "percent_covered_display": "100", "missing_lines": 0, "excluded_lines": 0, "percent_statements_covered": 100.0, "percent_statements_covered_display": "100"}, "missing_lines": [], "excluded_lines": [], "functions": {"slurper": {"executed_lines": [17], "summary": {"covered_lines": 1, "num_statements": 1, "percent_covered": 100.0, "percent_covered_display": "100", "missing_lines": 0, "excluded_lines": 0, "percent_statements_covered": 100.0, "percent_statements_covered_display": "100"}, "missing_lines": [], "excluded_lines": [], "start_line": 16}, "": {"executed_lines": [1, 3, 4, 6, 8, 9, 10, 12, 15, 16], "summary": {"covered_lines": 10, "num_statements": 10, "percent_covered": 100.0, "percent_covered_display": "100", "missing_lines": 0, "excluded_lines": 0, "percent_statements_covered": 100.0, "percent_statements_covered_display": "100"}, "missing_lines": [], "excluded_lines": [], "start_line": 1}}, "classes": {"": {"executed_lines": [1, 3, 4, 6, 8, 9, 10, 12, 15, 16, 17], "summary": {"covered_lines": 11, "num_statements": 11, "percent_covered": 100.0, "percent_covered_display": "100", "missing_lines": 0, "excluded_lines": 0, "percent_statements_covered": 100.0, "percent_statements_covered_display": "100"}, "missing_lines": [], "excluded_lines": [], "start_line": 1}}}, "tests/test_api.py": {"executed_lines": [1, 3, 4, 5, 7, 8, 10, 13, 14, 23, 24, 25, 26, 27, 28, 30, 33, 34, 37, 38, 40, 41, 44, 45, 52, 54, 55, 58, 59, 66, 68, 70, 71, 72, 73, 76, 77, 78, 79, 80, 81, 82, 84, 87, 91, 92, 104, 105, 106, 107, 109, 116, 118, 130, 131, 132, 133, 134, 137, 138, 139, 143, 144, 148, 150, 152], "summary": {"covered_lines": 66, "num_statements": 68, "percent_covered": 97.05882352941177, "percent_covered_display": "97", "missing_lines": 2, "excluded_lines": 0, "percent_statements_covered": 97.05882352941177, "percent_statements_covered_display": "97"}, "missing_lines": [31, 35], "excluded_lines": [], "functions": {"FakeResponse.__init__": {"executed_lines": [23, 24, 25, 26, 27, 28], "summary": {"covered_lines": 6, "num_statements": 6, "percent_covered": 100.0, "percent_covered_display": "100", "missing_lines": 0, "excluded_lines": 0, "percent_statements_covered": 100.0, "percent_statements_covered_display": "100"}, "missing_lines": [], "excluded_lines": [], "start_line": 14}, "FakeResponse.json": {"executed_lines": [], "summary": {"covered_lines": 0, "num_statements": 1, "percent_covered": 0.0, "percent_covered_display": "0", "missing_lines": 1, "excluded_lines": 0, "percent_statements_covered": 0.0, "percent_statements_covered_display": "0"}, "missing_lines": [31], "excluded_lines": [], "start_line": 30}, "FakeResponse.raise_for_status": {"executed_lines": [34], "summary": {"covered_lines": 1, "num_statements": 2, "percent_covered": 50.0, "percent_covered_display": "50", "missing_lines": 1, "excluded_lines": 0, "percent_statements_covered": 50.0, "percent_statements_covered_display": "50"}, "missing_lines": [35], "excluded_lines": [], "start_line": 33}, "FakeResponse.iter_content": {"executed_lines": [38], "summary": {"covered_lines": 1, "num_statements": 1, "percent_covered": 100.0, "percent_covered_display": "100", "missing_lines": 0, "excluded_lines": 0, "percent_statements_covered": 100.0, "percent_statements_covered_display": "100"}, "missing_lines": [], "excluded_lines": [], "start_line": 37}, "FakeResponse.close": {"executed_lines": [41], "summary": {"covered_lines": 1, "num_statements": 1, "percent_covered": 100.0, "percent_covered_display": "100", "missing_lines": 0, "excluded_lines": 0, "percent_statements_covered": 100.0, "percent_statements_covered_display": "100"}, "missing_lines": [], "excluded_lines": [], "start_line": 40}, "test_download_image_closes_response_on_rejection": {"executed_lines": [45, 52, 54, 55], "summary": {"covered_lines": 4, "num_statements": 4, "percent_covered": 100.0, "percent_covered_display": "100", "missing_lines": 0, "excluded_lines": 0, "percent_statements_covered": 100.0, "percent_statements_covered_display": "100"}, "missing_lines": [], "excluded_lines": [], "start_line": 44}, "test_download_image_caches_and_closes_response": {"executed_lines": [59, 66, 68, 70, 71, 72, 73], "summary": {"covered_lines": 7, "num_statements": 7, "percent_covered": 100.0, "percent_covered_display": "100", "missing_lines": 0, "excluded_lines": 0, "percent_statements_covered": 100.0, "percent_statements_covered_display": "100"}, "missing_lines": [], "excluded_lines": [], "start_line": 58}, "test_find_local_for_url_returns_none_for_ambiguous_basenames": {"executed_lines": [77, 78, 79, 80, 81, 82, 84], "summary": {"covered_lines": 7, "num_statements": 7, "percent_covered": 100.0, "percent_covered_display": "100", "missing_lines": 0, "excluded_lines": 0, "percent_statements_covered": 100.0, "percent_statements_covered_display": "100"}, "missing_lines": [], "excluded_lines": [], "start_line": 76}, "test_fetch_items_details_rewrites_links_after_embedded_downloads": {"executed_lines": [91, 92, 104, 105, 106, 107, 109, 116, 118, 130, 131, 132, 133, 134], "summary": {"covered_lines": 14, "num_statements": 14, "percent_covered": 100.0, "percent_covered_display": "100", "missing_lines": 0, "excluded_lines": 0, "percent_statements_covered": 100.0, "percent_statements_covered_display": "100"}, "missing_lines": [], "excluded_lines": [], "start_line": 87}, "test_fetch_paginated_uses_meta_pagination": {"executed_lines": [138, 139, 143, 144, 148, 150, 152], "summary": {"covered_lines": 7, "num_statements": 7, "percent_covered": 100.0, "percent_covered_display": "100", "missing_lines": 0, "excluded_lines": 0, "percent_statements_covered": 100.0, "percent_statements_covered_display": "100"}, "missing_lines": [], "excluded_lines": [], "start_line": 137}, "": {"executed_lines": [1, 3, 4, 5, 7, 8, 10, 13, 14, 30, 33, 37, 40, 44, 58, 76, 87, 137], "summary": {"covered_lines": 18, "num_statements": 18, "percent_covered": 100.0, "percent_covered_display": "100", "missing_lines": 0, "excluded_lines": 0, "percent_statements_covered": 100.0, "percent_statements_covered_display": "100"}, "missing_lines": [], "excluded_lines": [], "start_line": 1}}, "classes": {"FakeResponse": {"executed_lines": [23, 24, 25, 26, 27, 28, 34, 38, 41], "summary": {"covered_lines": 9, "num_statements": 11, "percent_covered": 81.81818181818181, "percent_covered_display": "82", "missing_lines": 2, "excluded_lines": 0, "percent_statements_covered": 81.81818181818181, "percent_statements_covered_display": "82"}, "missing_lines": [31, 35], "excluded_lines": [], "start_line": 13}, "": {"executed_lines": [1, 3, 4, 5, 7, 8, 10, 13, 14, 30, 33, 37, 40, 44, 45, 52, 54, 55, 58, 59, 66, 68, 70, 71, 72, 73, 76, 77, 78, 79, 80, 81, 82, 84, 87, 91, 92, 104, 105, 106, 107, 109, 116, 118, 130, 131, 132, 133, 134, 137, 138, 139, 143, 144, 148, 150, 152], "summary": {"covered_lines": 57, "num_statements": 57, "percent_covered": 100.0, "percent_covered_display": "100", "missing_lines": 0, "excluded_lines": 0, "percent_statements_covered": 100.0, "percent_statements_covered_display": "100"}, "missing_lines": [], "excluded_lines": [], "start_line": 1}}}}, "totals": {"covered_lines": 371, "num_statements": 541, "percent_covered": 68.57670979667283, "percent_covered_display": "69", "missing_lines": 170, "excluded_lines": 0, "percent_statements_covered": 68.57670979667283, "percent_statements_covered_display": "69"}}